<?xml version="1.0" encoding="UTF-8"?>
<!-- Generated by org.testng.reporters.JUnitReportReporter -->
<testsuite hostname="Annameni" failures="0" tests="1" name="baseTest.DemoWebShop" time="26.639" errors="0" timestamp="2023-02-24T15:35:10 IST" skipped="0">
  <testcase classname="baseTest.DemoWebShop" name="placeOrder" time="26.639"/>
  <system-out/>
</testsuite> <!-- baseTest.DemoWebShop -->
