<?xml version="1.0" encoding="UTF-8"?>
<!-- Generated by org.testng.reporters.JUnitReportReporter -->
<testsuite hostname="Annameni" failures="0" tests="1" name="baseTest.MutlipleWindows" time="5.608" errors="0" timestamp="2023-02-16T11:59:46 IST" skipped="0">
  <testcase classname="baseTest.MutlipleWindows" name="firstTest" time="5.608"/>
  <system-out/>
</testsuite> <!-- baseTest.MutlipleWindows -->
