<?xml version="1.0" encoding="UTF-8"?>
<!-- Generated by org.testng.reporters.JUnitReportReporter -->
<testsuite hostname="Annameni" failures="0" tests="1" name="baseTest.TestClass" time="27.105" errors="0" timestamp="2023-02-15T16:01:06 IST" skipped="0">
  <testcase classname="baseTest.TestClass" name="firstTest" time="27.105"/>
  <system-out/>
</testsuite> <!-- baseTest.TestClass -->
