<?xml version="1.0" encoding="UTF-8"?>
<!-- Generated by org.testng.reporters.JUnitReportReporter -->
<testsuite hostname="Annameni" failures="0" tests="1" name="baseTest.SelectClass" time="25.202" errors="0" timestamp="2023-02-24T10:45:05 IST" skipped="0">
  <testcase classname="baseTest.SelectClass" name="sample" time="25.202"/>
  <system-out/>
</testsuite> <!-- baseTest.SelectClass -->
